j:\ast\ast\x64\debug\vc143.pdb
j:\ast\ast\x64\debug\vc143.idb
j:\ast\ast\x64\debug\glad.obj
j:\ast\ast\x64\debug\xmlparser.obj
j:\ast\ast\x64\debug\world.obj
j:\ast\ast\x64\debug\stb_image.obj
j:\ast\ast\x64\debug\source.obj
j:\ast\ast\x64\debug\playerobject.obj
j:\ast\ast\x64\debug\mouseinteraction.obj
j:\ast\ast\x64\debug\math.obj
j:\ast\ast\x64\debug\graphics.obj
j:\ast\ast\x64\debug\gameobject.obj
j:\ast\x64\debug\ast.exe
j:\ast\x64\debug\ast.pdb
j:\ast\ast\x64\debug\ast.ilk
j:\ast\ast\x64\debug\ast.tlog\cl.command.1.tlog
j:\ast\ast\x64\debug\ast.tlog\cl.items.tlog
j:\ast\ast\x64\debug\ast.tlog\cl.read.1.tlog
j:\ast\ast\x64\debug\ast.tlog\cl.write.1.tlog
j:\ast\ast\x64\debug\ast.tlog\link.command.1.tlog
j:\ast\ast\x64\debug\ast.tlog\link.read.1.tlog
j:\ast\ast\x64\debug\ast.tlog\link.secondary.1.tlog
j:\ast\ast\x64\debug\ast.tlog\link.write.1.tlog
