  HUD.cpp
J:\Ast\Source\UIButton.h(21,94): warning C4244: 'argument': conversion from 'double' to 'float', possible loss of data
  (compiling source file 'Source/HUD.cpp')
  
J:\Ast\Source\UIButton.h(21,84): warning C4244: 'argument': conversion from 'double' to 'float', possible loss of data
  (compiling source file 'Source/HUD.cpp')
  
J:\Ast\Source\UIPaginatedWindow.h(54,10): warning C4244: 'initializing': conversion from 'double' to 'int', possible loss of data
  (compiling source file 'Source/HUD.cpp')
      J:\Ast\Source\UIPaginatedWindow.h(54,10):
      the template instantiation context (the oldest one first) is
          J:\Ast\Source\HUD.cpp(61,12):
          see reference to function template instantiation 'void UIPaginatedWindow::AddTab<WorkshopData>(const std::string &,const std::string &)' being compiled
  
J:\Ast\Source\UIPaginatedWindow.h(73,10): warning C4244: 'initializing': conversion from 'double' to 'int', possible loss of data
  (compiling source file 'Source/HUD.cpp')
      J:\Ast\Source\UIPaginatedWindow.h(73,10):
      the template instantiation context (the oldest one first) is
          J:\Ast\Source\HUD.cpp(62,12):
          see reference to function template instantiation 'void UIPaginatedWindow::AddTab<DecorationData>(const std::string &,const std::string &)' being compiled
  
  MouseObject.cpp
J:\Ast\Source\MouseObject.cpp(24,88): warning C4244: 'argument': conversion from 'double' to 'float', possible loss of data
J:\Ast\Source\MouseObject.cpp(24,64): warning C4244: 'argument': conversion from 'double' to 'float', possible loss of data
J:\Ast\Source\MouseObject.cpp(38,11): warning C4244: 'argument': conversion from 'int' to 'float', possible loss of data
J:\Ast\Source\MouseObject.cpp(38,5): warning C4244: 'argument': conversion from 'int' to 'float', possible loss of data
J:\Ast\Source\MouseObject.cpp(48,87): warning C4244: 'argument': conversion from 'double' to 'float', possible loss of data
J:\Ast\Source\MouseObject.cpp(48,63): warning C4244: 'argument': conversion from 'double' to 'float', possible loss of data
C:\Program Files\Microsoft Visual Studio\2022\Community\VC\Tools\MSVC\14.38.33130\include\tuple(678,57): warning C4244: '=': conversion from '_Ty' to 'float', possible loss of data
C:\Program Files\Microsoft Visual Studio\2022\Community\VC\Tools\MSVC\14.38.33130\include\tuple(678,57): warning C4244:         with
C:\Program Files\Microsoft Visual Studio\2022\Community\VC\Tools\MSVC\14.38.33130\include\tuple(678,57): warning C4244:         [
C:\Program Files\Microsoft Visual Studio\2022\Community\VC\Tools\MSVC\14.38.33130\include\tuple(678,57): warning C4244:             _Ty=int
C:\Program Files\Microsoft Visual Studio\2022\Community\VC\Tools\MSVC\14.38.33130\include\tuple(678,57): warning C4244:         ]
  (compiling source file 'Source/MouseObject.cpp')
      C:\Program Files\Microsoft Visual Studio\2022\Community\VC\Tools\MSVC\14.38.33130\include\tuple(678,57):
      the template instantiation context (the oldest one first) is
          J:\Ast\Source\MouseObject.cpp(34,31):
          see reference to function template instantiation 'std::tuple<float &,float &> &std::tuple<float &,float &>::operator =<int,int,0>(std::pair<int,int> &&) noexcept' being compiled
              J:\Ast\Source\MouseObject.cpp(34,31):
              see the first reference to 'std::tuple<float &,float &>::operator =' in 'MouseObject::Draw'
  
C:\Program Files\Microsoft Visual Studio\2022\Community\VC\Tools\MSVC\14.38.33130\include\tuple(679,58): warning C4244: '=': conversion from '_Ty' to 'float', possible loss of data
C:\Program Files\Microsoft Visual Studio\2022\Community\VC\Tools\MSVC\14.38.33130\include\tuple(679,58): warning C4244:         with
C:\Program Files\Microsoft Visual Studio\2022\Community\VC\Tools\MSVC\14.38.33130\include\tuple(679,58): warning C4244:         [
C:\Program Files\Microsoft Visual Studio\2022\Community\VC\Tools\MSVC\14.38.33130\include\tuple(679,58): warning C4244:             _Ty=int
C:\Program Files\Microsoft Visual Studio\2022\Community\VC\Tools\MSVC\14.38.33130\include\tuple(679,58): warning C4244:         ]
  (compiling source file 'Source/MouseObject.cpp')
  
  UIPaginatedWindow.cpp
J:\Ast\Source\UIButton.h(21,94): warning C4244: 'argument': conversion from 'double' to 'float', possible loss of data
  (compiling source file 'Source/UIPaginatedWindow.cpp')
  
J:\Ast\Source\UIButton.h(21,84): warning C4244: 'argument': conversion from 'double' to 'float', possible loss of data
  (compiling source file 'Source/UIPaginatedWindow.cpp')
  
J:\Ast\Source\UIPaginatedWindow.cpp(54,41): warning C4267: '=': conversion from 'size_t' to 'int', possible loss of data
  World.cpp
J:\Ast\Source\GridObject.h(19,104): warning C4244: 'argument': conversion from 'int' to 'float', possible loss of data
  (compiling source file 'Source/World.cpp')
  
J:\Ast\Source\GridObject.h(19,84): warning C4244: 'argument': conversion from 'int' to 'float', possible loss of data
  (compiling source file 'Source/World.cpp')
  
J:\Ast\Source\GridObject.h(33,63): warning C4244: 'argument': conversion from 'int' to 'float', possible loss of data
  (compiling source file 'Source/World.cpp')
  
J:\Ast\Source\GridObject.h(33,50): warning C4244: 'argument': conversion from 'int' to 'float', possible loss of data
  (compiling source file 'Source/World.cpp')
  
J:\Ast\Source\UIButton.h(21,94): warning C4244: 'argument': conversion from 'double' to 'float', possible loss of data
  (compiling source file 'Source/World.cpp')
  
J:\Ast\Source\UIButton.h(21,84): warning C4244: 'argument': conversion from 'double' to 'float', possible loss of data
  (compiling source file 'Source/World.cpp')
  
J:\Ast\Source\World.cpp(22,94): warning C4244: 'argument': conversion from 'float' to 'const unsigned int', possible loss of data
J:\Ast\Source\World.cpp(22,51): warning C4244: 'argument': conversion from 'float' to 'const unsigned int', possible loss of data
J:\Ast\Source\World.cpp(118,19): warning C4244: 'initializing': conversion from 'int' to 'float', possible loss of data
J:\Ast\Source\World.cpp(119,20): warning C4244: 'initializing': conversion from 'int' to 'float', possible loss of data
J:\Ast\Source\World.cpp(151,88): warning C4244: 'argument': conversion from 'int' to 'float', possible loss of data
J:\Ast\Source\World.cpp(151,68): warning C4244: 'argument': conversion from 'int' to 'float', possible loss of data
J:\Ast\Source\World.cpp(191,73): warning C4267: 'argument': conversion from 'size_t' to 'int', possible loss of data
J:\Ast\Source\World.cpp(191,70): warning C4267: 'argument': conversion from 'size_t' to 'int', possible loss of data
C:\Program Files\Microsoft Visual Studio\2022\Community\VC\Tools\MSVC\14.38.33130\include\memory(3465,56): warning C4244: 'argument': conversion from 'int' to 'float', possible loss of data
  (compiling source file 'Source/World.cpp')
      C:\Program Files\Microsoft Visual Studio\2022\Community\VC\Tools\MSVC\14.38.33130\include\memory(3465,56):
      the template instantiation context (the oldest one first) is
          J:\Ast\Source\World.cpp(81,17):
          see reference to function template instantiation 'std::unique_ptr<HUD,std::default_delete<HUD>> std::make_unique<HUD,int&,int&,World*,0>(int &,int &,World *&&)' being compiled
  
C:\Program Files\Microsoft Visual Studio\2022\Community\VC\Tools\MSVC\14.38.33130\include\memory(3465,56): warning C4267: 'argument': conversion from 'size_t' to 'int', possible loss of data
  (compiling source file 'Source/World.cpp')
      C:\Program Files\Microsoft Visual Studio\2022\Community\VC\Tools\MSVC\14.38.33130\include\memory(3465,56):
      the template instantiation context (the oldest one first) is
          J:\Ast\Source\World.cpp(206,34):
          see reference to function template instantiation 'std::unique_ptr<Workshop,std::default_delete<Workshop>> std::make_unique<Workshop,std::shared_ptr<Shader>&,std::vector<float,std::allocator<float>>&,std::vector<unsigned int,std::allocator<unsigned int>>&,VertexAttribute&,World*,size_t&,size_t&,WorkshopData&,0>(std::shared_ptr<Shader> &,std::vector<float,std::allocator<float>> &,std::vector<unsigned int,std::allocator<unsigned int>> &,VertexAttribute &,World *&&,size_t &,size_t &,WorkshopData &)' being compiled
  
  Generating code
  8 of 2489 functions ( 0.3%) were compiled, the rest were copied from previous compilation.
    0 functions were new in current compilation
    79 functions had inline decision re-evaluated but remain unchanged
  Finished generating code
  Ast.vcxproj -> J:\Ast\x64\Release\Ast.exe
